INFO 08/14 06:29:33 PM You're analyzing wiki tables, wiki chapter: en, topic: Broadcaster
INFO 08/14 06:29:33 PM Analyzing BBC_World_News
INFO 08/14 06:29:34 PM Analyzing resource: BBC_World_News
INFO 08/14 06:29:34 PM No Tables found for this resource.
INFO 08/14 06:29:34 PM Analyzing BBC_World_Service
INFO 08/14 06:29:34 PM Analyzing resource: BBC_World_Service
INFO 08/14 06:29:34 PM Table under section: Previous
INFO 08/14 06:29:34 PM Headers Found
INFO 08/14 06:29:34 PM Data refined
INFO 08/14 06:29:34 PM Rows extracted: 74
INFO 08/14 06:29:34 PM Data extracted for this table: 240
INFO 08/14 06:29:34 PM Header: Previous mapped with: previousLanguageWork
INFO 08/14 06:29:34 PM Header: Start Date mapped with: startDate
INFO 08/14 06:29:35 PM Header: Close Date mapped with: closeDate
INFO 08/14 06:29:35 PM Header: Language mapped with: language
INFO 08/14 06:29:35 PM Header: Website mapped with: Website
INFO 08/14 06:31:03 PM Analyzing CBS
INFO 08/14 06:31:04 PM Analyzing resource: CBS
INFO 08/14 06:31:04 PM Table under section: Presidents of CBS Entertainment
INFO 08/14 06:31:04 PM Headers Found
INFO 08/14 06:31:04 PM Data refined
INFO 08/14 06:31:04 PM Rows extracted: 16
INFO 08/14 06:31:04 PM Data extracted for this table: 42
INFO 08/14 06:31:04 PM Header: Presidents of CBS Entertainment mapped with: presidentCBS
INFO 08/14 06:31:04 PM Header: Term mapped with: term
INFO 08/14 06:31:04 PM Header: Executive mapped with: president
INFO 08/14 06:31:11 PM Header: Position mapped with: position
INFO 08/14 06:31:21 PM Analyzing Fox_Broadcasting_Company
INFO 08/14 06:31:23 PM Analyzing resource: Fox_Broadcasting_Company
INFO 08/14 06:31:23 PM No Tables found for this resource.
INFO 08/14 06:31:23 PM Analyzing ITV_(TV_network)
INFO 08/14 06:31:23 PM Analyzing resource: ITV_(TV_network)
INFO 08/14 06:31:23 PM Table under section: Current licensees
INFO 08/14 06:31:23 PM Headers Found
INFO 08/14 06:31:23 PM Data refined
INFO 08/14 06:31:23 PM Rows extracted: 15
INFO 08/14 06:31:23 PM Data extracted for this table: 90
INFO 08/14 06:31:23 PM Header: Current licensees mapped with: broadcasterLicense
INFO 08/14 06:31:23 PM Header: Regional Channel 3 Licences - Service Name mapped with: serviceName
INFO 08/14 06:31:23 PM Header: Regional Channel 3 Licences - Licence Service Area mapped with: serviceArea
INFO 08/14 06:31:23 PM Header: Regional Channel 3 Licences - Licence Holder mapped with: licenceHolder
INFO 08/14 06:31:23 PM Header: Regional Channel 3 Licences - On Air Name mapped with: onAirName
INFO 08/14 06:31:24 PM Header: Regional Channel 3 Licences - Parent Company mapped with: parentCompany
INFO 08/14 06:31:24 PM Header: Regional Channel 3 Licences - Licence held since mapped with: licenceHeldSince
INFO 08/14 06:31:29 PM Table under section: Current licensees
INFO 08/14 06:31:29 PM Headers Found
INFO 08/14 06:31:29 PM Data refined
INFO 08/14 06:31:29 PM Rows extracted: 1
INFO 08/14 06:31:29 PM Data extracted for this table: 6
INFO 08/14 06:31:29 PM Header: Current licensees mapped with: broadcasterLicense
INFO 08/14 06:31:29 PM Header: National Channel 3 Licences - Parent Company mapped with: parentCompany
INFO 08/14 06:31:29 PM Header: National Channel 3 Licences - On Air Name mapped with: onAirName
INFO 08/14 06:31:29 PM Header: National Channel 3 Licences - Licence Service Area mapped with: serviceArea
INFO 08/14 06:31:29 PM Header: National Channel 3 Licences - Service Name mapped with: serviceName
INFO 08/14 06:31:29 PM Header: National Channel 3 Licences - Licence Holder mapped with: licenceHolder
INFO 08/14 06:31:29 PM Header: National Channel 3 Licences - Licence held since mapped with: licenceHeldSince
INFO 08/14 06:31:29 PM Table under section: Awards and nominations
INFO 08/14 06:31:29 PM Headers Found
INFO 08/14 06:31:29 PM Data refined
INFO 08/14 06:31:29 PM Rows extracted: 1
INFO 08/14 06:31:29 PM Data extracted for this table: 5
INFO 08/14 06:31:29 PM Header: Awards and nominations mapped with: awardsAndNominations
INFO 08/14 06:31:29 PM Header: Category mapped with: category
INFO 08/14 06:31:29 PM Header: Result mapped with: result
INFO 08/14 06:31:29 PM Header: Nominee(s) mapped with: assignment
INFO 08/14 06:31:29 PM Header: Association mapped with: association
INFO 08/14 06:31:29 PM Header: Year mapped with: Year
INFO 08/14 06:31:29 PM Analyzing Triple_J
INFO 08/14 06:31:31 PM Analyzing resource: Triple_J
INFO 08/14 06:31:31 PM Table under section: Programming history
INFO 08/14 06:31:31 PM Headers Found
INFO 08/14 06:31:31 PM Data refined
INFO 08/14 06:31:31 PM Rows extracted: 43
INFO 08/14 06:31:31 PM Data extracted for this table: 198
INFO 08/14 06:31:31 PM Header: Programming history mapped with: programmingHistory
INFO 08/14 06:31:31 PM Header: Year mapped with: Year
INFO 08/14 06:31:31 PM Header: Mornings: 9:00 - 12:00 mapped with: programmingMornings
INFO 08/14 06:31:32 PM Header: Breakfast: 6:00 - 9:00 mapped with: programmingBreakfast
INFO 08/14 06:31:32 PM Header: Late Night 22:00 - 1:00! mapped with: programmingLateNight
INFO 08/14 06:31:36 PM Header: Evenings: 18:00 - 21:00 mapped with: programmingEvenings
INFO 08/14 06:31:37 PM Header: Drive: 15:00 - 18:00 mapped with: programmingDrive
INFO 08/14 06:31:37 PM Header: Lunch: 12:00 - 15:00 mapped with: programmingLunch
INFO 08/14 06:31:39 PM Header: Late Evenings: 21:00 - 22:00 mapped with: programmingLateEvenings
INFO 08/14 06:31:40 PM Header: Late Afternoon: 17:30 - 18:00 mapped with: programmingLateAfternoon
INFO 08/14 06:32:15 PM Table under section: Programming history
INFO 08/14 06:32:15 PM Headers Found
INFO 08/14 06:32:15 PM Data refined
INFO 08/14 06:32:15 PM Rows extracted: 23
INFO 08/14 06:32:15 PM Data extracted for this table: 155
INFO 08/14 06:32:15 PM Header: Programming history mapped with: programmingHistory
INFO 08/14 06:32:15 PM Header: Breakfast 6:00 - 10:00 mapped with: programmingBreakfast
INFO 08/14 06:32:16 PM Header: Year mapped with: Year
INFO 08/14 06:32:16 PM Header: Overnight: 1:00 - 6:00! mapped with: programmingOverNight
INFO 08/14 06:32:16 PM Header: Night 21:00 - 01:00 (sat/sun) mapped with: programmingNight
INFO 08/14 06:32:16 PM Header: Evening 18:00 - 21:00 (sat/sun) mapped with: programmingEvening
INFO 08/14 06:32:17 PM Header: Lunch 10:00 - 14:00 mapped with: programmingLunch
INFO 08/14 06:32:17 PM Header: Afternoon 14:00 - 17:00 (sat/sun) mapped with: programmingAfternoon
INFO 08/14 06:32:19 PM Header: Late Afternoon 17:00 - 18:00 (sat/sun) mapped with: programmingLateAfternoon
INFO 08/14 06:32:32 PM Analyzing UPN
INFO 08/14 06:32:32 PM Analyzing resource: UPN
INFO 08/14 06:32:32 PM No Tables found for this resource.
INFO 08/14 06:32:32 PM Analyzing 1+1_(TV_channel)
INFO 08/14 06:32:33 PM Analyzing resource: 1+1_(TV_channel)
INFO 08/14 06:32:33 PM No Tables found for this resource.
INFO 08/14 06:32:33 PM Analyzing Barry_(radio)
INFO 08/14 06:32:33 PM Analyzing resource: Barry_(radio)
INFO 08/14 06:32:33 PM No Tables found for this resource.
INFO 08/14 06:32:33 PM Analyzing Financial_News_Network
INFO 08/14 06:32:34 PM Analyzing resource: Financial_News_Network
INFO 08/14 06:32:34 PM No Tables found for this resource.
INFO 08/14 06:32:34 PM Analyzing KABI_(AM)
INFO 08/14 06:32:34 PM Analyzing resource: KABI_(AM)
INFO 08/14 06:32:34 PM No Tables found for this resource.
INFO 08/14 06:32:34 PM Analyzing KABQ-FM
INFO 08/14 06:32:35 PM Analyzing resource: KABQ-FM
INFO 08/14 06:32:35 PM No Tables found for this resource.
INFO 08/14 06:32:35 PM Analyzing KABQ_(AM)
INFO 08/14 06:32:35 PM Analyzing resource: KABQ_(AM)
INFO 08/14 06:32:35 PM No Tables found for this resource.
INFO 08/14 06:32:35 PM Analyzing KAHL-FM
INFO 08/14 06:32:35 PM Analyzing resource: KAHL-FM
INFO 08/14 06:32:35 PM No Tables found for this resource.
INFO 08/14 06:32:35 PM Analyzing KAHL_(AM)
INFO 08/14 06:32:36 PM Analyzing resource: KAHL_(AM)
INFO 08/14 06:32:36 PM No Tables found for this resource.
INFO 08/14 06:32:36 PM Analyzing KSEA_(FM)
INFO 08/14 06:32:36 PM Analyzing resource: KSEA_(FM)
INFO 08/14 06:32:36 PM No Tables found for this resource.
INFO 08/14 06:32:36 PM Analyzing KYKM_(FM)
INFO 08/14 06:32:37 PM Analyzing resource: KYKM_(FM)
INFO 08/14 06:32:37 PM No Tables found for this resource.
INFO 08/14 06:32:37 PM Analyzing Lush_99.5FM
INFO 08/14 06:32:37 PM Analyzing resource: Lush_99.5FM
INFO 08/14 06:32:37 PM No Tables found for this resource.
INFO 08/14 06:32:37 PM Analyzing Melody_105.4_FM
INFO 08/14 06:32:37 PM Analyzing resource: Melody_105.4_FM
INFO 08/14 06:32:37 PM No Tables found for this resource.
INFO 08/14 06:32:37 PM Analyzing Melody_Radio_(Bulgaria)
INFO 08/14 06:32:38 PM Analyzing resource: Melody_Radio_(Bulgaria)
INFO 08/14 06:32:38 PM No Tables found for this resource.
INFO 08/14 06:32:38 PM Analyzing Mix_FM_(Malaysia)
INFO 08/14 06:32:38 PM Analyzing resource: Mix_FM_(Malaysia)
INFO 08/14 06:32:38 PM Table under section: Schedule
INFO 08/14 06:32:38 PM Headers Found
INFO 08/14 06:32:38 PM Data refined
INFO 08/14 06:32:38 PM Rows extracted: 9
INFO 08/14 06:32:38 PM Data extracted for this table: 44
INFO 08/14 06:32:38 PM Header: Schedule mapped with: schedule
INFO 08/14 06:32:38 PM Header: Announcer mapped with: announcer
INFO 08/14 06:32:46 PM Header: Description mapped with: description
INFO 08/14 06:33:02 PM Header: Program mapped with: program
INFO 08/14 06:33:03 PM Header: Day mapped with: day
INFO 08/14 06:33:03 PM Header: Time mapped with: time
INFO 08/14 06:33:10 PM Analyzing Mix_FM_(Ottawa)
INFO 08/14 06:33:10 PM Analyzing resource: Mix_FM_(Ottawa)
INFO 08/14 06:33:10 PM No Tables found for this resource.
INFO 08/14 06:33:10 PM Analyzing Mix_FM_(Stepanakert)
INFO 08/14 06:33:10 PM Analyzing resource: Mix_FM_(Stepanakert)
INFO 08/14 06:33:10 PM No Tables found for this resource.
INFO 08/14 06:33:10 PM Analyzing Mix_FM_Lebanon
INFO 08/14 06:33:11 PM Analyzing resource: Mix_FM_Lebanon
INFO 08/14 06:33:11 PM No Tables found for this resource.
INFO 08/14 06:33:11 PM Analyzing News_12_Networks
INFO 08/14 06:33:11 PM Analyzing resource: News_12_Networks
INFO 08/14 06:33:11 PM No Tables found for this resource.
INFO 08/14 06:33:11 PM Analyzing Performance_Channel
INFO 08/14 06:33:12 PM Analyzing resource: Performance_Channel
INFO 08/14 06:33:12 PM No Tables found for this resource.
INFO 08/14 06:33:12 PM Analyzing Satellite_News_Channel
INFO 08/14 06:33:12 PM Analyzing resource: Satellite_News_Channel
INFO 08/14 06:33:12 PM No Tables found for this resource.
INFO 08/14 06:33:12 PM Analyzing 24_(Turkey)
INFO 08/14 06:33:13 PM Analyzing resource: 24_(Turkey)
INFO 08/14 06:33:13 PM No Tables found for this resource.
INFO 08/14 06:33:13 PM Analyzing 2GLF
INFO 08/14 06:33:13 PM Analyzing resource: 2GLF
INFO 08/14 06:33:13 PM No Tables found for this resource.
INFO 08/14 06:33:13 PM Analyzing 666_ABC_Canberra
INFO 08/14 06:33:13 PM Analyzing resource: 666_ABC_Canberra
INFO 08/14 06:33:13 PM No Tables found for this resource.
INFO 08/14 06:33:13 PM Analyzing ABC_Kids_(Australia)
INFO 08/14 06:33:14 PM Analyzing resource: ABC_Kids_(Australia)
INFO 08/14 06:33:14 PM No Tables found for this resource.
INFO 08/14 06:33:14 PM Analyzing ABN_(TV_station)
INFO 08/14 06:33:15 PM Analyzing resource: ABN_(TV_station)
INFO 08/14 06:33:15 PM Table under section: Digital multiplex
INFO 08/14 06:33:15 PM Headers Found
INFO 08/14 06:33:15 PM Data refined
INFO 08/14 06:33:15 PM Rows extracted: 5
INFO 08/14 06:33:15 PM Data extracted for this table: 15
INFO 08/14 06:33:15 PM Header: Digital multiplex mapped with: digitalMultiplex
INFO 08/14 06:33:15 PM Header: LCN mapped with: lcn
INFO 08/14 06:33:15 PM Header: SD/HD mapped with: typeDigitalMultiplex
INFO 08/14 06:33:15 PM Header: Service mapped with: service
INFO 08/14 06:33:15 PM Table under section: Relay stations
INFO 08/14 06:33:15 PM Headers Found
INFO 08/14 06:33:15 PM Data refined
INFO 08/14 06:33:15 PM Rows extracted: 13
INFO 08/14 06:33:15 PM Data extracted for this table: 126
INFO 08/14 06:33:15 PM Header: Relay stations mapped with: relayStations
INFO 08/14 06:33:15 PM Header: City mapped with: city
INFO 08/14 06:33:15 PM Header: Transmitter coordinates mapped with: transmitterCoordinates
INFO 08/14 06:33:15 PM Header: First air date mapped with: firstAirDate
INFO 08/14 06:33:16 PM Header: Channels (Analog/ digital) mapped with: channelType
INFO 08/14 06:33:16 PM Header: 3rd letter.s meaning mapped with: acronym
INFO 08/14 06:33:16 PM Header: Transmitter location mapped with: transmitterLocation
INFO 08/14 06:33:16 PM Header: Region served mapped with: regionServed
INFO 08/14 06:33:16 PM Header: HAAT (Analog/ digital)1 mapped with: haat
INFO 08/14 06:33:16 PM Header: Call mapped with: callRelayStations
INFO 08/14 06:33:16 PM Header: ERP (Analog/ digital) mapped with: erp
INFO 08/14 06:33:53 PM Analyzing ABN_Andhra_Jyothi
INFO 08/14 06:33:54 PM Analyzing resource: ABN_Andhra_Jyothi
INFO 08/14 06:33:54 PM No Tables found for this resource.
INFO 08/14 06:33:54 PM Analyzing ABT_(TV_station)
INFO 08/14 06:33:54 PM Analyzing resource: ABT_(TV_station)
INFO 08/14 06:33:54 PM Table under section: Relay stations
INFO 08/14 06:33:54 PM Headers Found
INFO 08/14 06:33:54 PM Data refined
INFO 08/14 06:33:54 PM Rows extracted: 2
INFO 08/14 06:33:54 PM Data extracted for this table: 20
INFO 08/14 06:33:54 PM Header: Relay stations mapped with: relayStations
INFO 08/14 06:33:54 PM Header: City mapped with: city
INFO 08/14 06:33:54 PM Header: Transmitter coordinates mapped with: transmitterCoordinates
INFO 08/14 06:33:54 PM Header: First air date mapped with: firstAirDate
INFO 08/14 06:33:55 PM Header: Channels (Analog/ digital) mapped with: channelType
INFO 08/14 06:33:55 PM Header: 3rd letter.s meaning mapped with: acronym
INFO 08/14 06:33:55 PM Header: Transmitter location mapped with: transmitterLocation
INFO 08/14 06:33:55 PM Header: Region served mapped with: regionServed
INFO 08/14 06:33:55 PM Header: HAAT (Analog/ digital)1 mapped with: haat
INFO 08/14 06:33:55 PM Header: Call mapped with: callRelayStations
INFO 08/14 06:33:55 PM Header: ERP (Analog/ digital) mapped with: erp
INFO 08/14 06:33:57 PM Analyzing AOV_Adult_Movie_Channel
INFO 08/14 06:33:57 PM Analyzing resource: AOV_Adult_Movie_Channel
INFO 08/14 06:33:57 PM No Tables found for this resource.
INFO 08/14 06:33:57 PM Analyzing AZN_Television
INFO 08/14 06:33:57 PM Analyzing resource: AZN_Television
INFO 08/14 06:33:57 PM No Tables found for this resource.
INFO 08/14 06:33:57 PM Analyzing Al-Aqsa_TV
INFO 08/14 06:33:58 PM Analyzing resource: Al-Aqsa_TV
INFO 08/14 06:33:58 PM No Tables found for this resource.
INFO 08/14 06:33:58 PM Analyzing Asia_Business_News
INFO 08/14 06:33:58 PM Analyzing resource: Asia_Business_News
INFO 08/14 06:33:58 PM No Tables found for this resource.
INFO 08/14 06:33:58 PM Analyzing Astro_Box_Office
INFO 08/14 06:33:59 PM Analyzing resource: Astro_Box_Office
INFO 08/14 06:33:59 PM No Tables found for this resource.
INFO 08/14 06:33:59 PM Analyzing Astro_Ceria
INFO 08/14 06:33:59 PM Analyzing resource: Astro_Ceria
INFO 08/14 06:33:59 PM No Tables found for this resource.
INFO 08/14 06:33:59 PM Analyzing Big_Game_TV
INFO 08/14 06:34:00 PM Analyzing resource: Big_Game_TV
INFO 08/14 06:34:00 PM No Tables found for this resource.
INFO 08/14 06:34:00 PM Analyzing Broadcasting_Corporation_of_Newfoundland
INFO 08/14 06:34:00 PM Analyzing resource: Broadcasting_Corporation_of_Newfoundland
INFO 08/14 06:34:00 PM No Tables found for this resource.
INFO 08/14 06:34:00 PM Analyzing CHIC-FM
INFO 08/14 06:34:00 PM Analyzing resource: CHIC-FM
INFO 08/14 06:34:00 PM No Tables found for this resource.
INFO 08/14 06:34:00 PM Analyzing Challenge_(TV_channel)
INFO 08/14 06:34:01 PM Analyzing resource: Challenge_(TV_channel)
INFO 08/14 06:34:01 PM No Tables found for this resource.
INFO 08/14 06:34:01 PM Analyzing CoolTV
INFO 08/14 06:34:02 PM Analyzing resource: CoolTV
INFO 08/14 06:34:02 PM No Tables found for this resource.
INFO 08/14 06:34:02 PM Analyzing Cool_TV
INFO 08/14 06:34:03 PM Analyzing resource: Cool_TV
INFO 08/14 06:34:03 PM No Tables found for this resource.
INFO 08/14 06:34:03 PM Analyzing Delta_FM
INFO 08/14 06:34:03 PM Analyzing resource: Delta_FM
INFO 08/14 06:34:03 PM No Tables found for this resource.
INFO 08/14 06:34:03 PM Analyzing Deluxe_Music
INFO 08/14 06:34:03 PM Analyzing resource: Deluxe_Music
INFO 08/14 06:34:03 PM Table under section: Germany
INFO 08/14 06:34:03 PM Headers Found
INFO 08/14 06:34:03 PM Data refined
INFO 08/14 06:34:03 PM Rows extracted: 12
INFO 08/14 06:34:03 PM Data extracted for this table: 122
INFO 08/14 06:34:03 PM Header: Germany mapped with: audienceShare
INFO 08/14 06:34:03 PM Header: February mapped with: audienceFebruary
INFO 08/14 06:34:03 PM Header: October mapped with: audienceOctober
INFO 08/14 06:34:04 PM Header: March mapped with: audienceMarch
INFO 08/14 06:34:04 PM Header: August mapped with: audienceAugust
INFO 08/14 06:34:04 PM Header: May mapped with: audienceMay
INFO 08/14 06:34:04 PM Header: June mapped with: audienceJune
INFO 08/14 06:34:04 PM Header: September mapped with: audienceSeptember
INFO 08/14 06:34:04 PM Header: April mapped with: audienceApril
INFO 08/14 06:34:05 PM Header: Annual average mapped with: audienceAnnualAverage
INFO 08/14 06:34:05 PM Header: December mapped with: audienceDecember
INFO 08/14 06:34:05 PM Header: July mapped with: audienceJuly
INFO 08/14 06:34:05 PM Header: November mapped with: audienceNovember
INFO 08/14 06:34:05 PM Header: January mapped with: audienceJanuary
INFO 08/14 06:34:51 PM Analyzing Downtown_Radio
INFO 08/14 06:34:52 PM Analyzing resource: Downtown_Radio
INFO 08/14 06:34:52 PM No Tables found for this resource.
INFO 08/14 06:34:52 PM Analyzing Drama_(TV_channel)
INFO 08/14 06:34:52 PM Analyzing resource: Drama_(TV_channel)
INFO 08/14 06:34:52 PM No Tables found for this resource.
INFO 08/14 06:34:52 PM Analyzing Ehime_Asahi_Television
INFO 08/14 06:34:53 PM Analyzing resource: Ehime_Asahi_Television
INFO 08/14 06:34:53 PM Table under section: External links
INFO 08/14 06:34:53 PM Headers Found
INFO 08/14 06:34:53 PM Data refined
INFO 08/14 06:34:53 PM Rows extracted: 9
INFO 08/14 06:34:53 PM Data extracted for this table: 46
INFO 08/14 06:34:53 PM Key External links not found. Check actual dictionary on mapping_rules.py
INFO 08/14 06:34:53 PM Analyzing Fantastic_(TV_channel)
INFO 08/14 06:34:53 PM Analyzing resource: Fantastic_(TV_channel)
INFO 08/14 06:34:53 PM No Tables found for this resource.
INFO 08/14 06:34:53 PM Analyzing Florida_Knowledge_Network
INFO 08/14 06:34:53 PM Analyzing resource: Florida_Knowledge_Network
INFO 08/14 06:34:53 PM No Tables found for this resource.
INFO 08/14 06:34:53 PM Analyzing Follow_Me_TV
INFO 08/14 06:34:54 PM Analyzing resource: Follow_Me_TV
INFO 08/14 06:34:54 PM No Tables found for this resource.
INFO 08/14 06:34:54 PM Analyzing French_Radio_London
INFO 08/14 06:34:54 PM Analyzing resource: French_Radio_London
INFO 08/14 06:34:54 PM No Tables found for this resource.
INFO 08/14 06:34:54 PM Analyzing Ftn_(TV_channel)
INFO 08/14 06:34:55 PM Analyzing resource: Ftn_(TV_channel)
INFO 08/14 06:34:55 PM No Tables found for this resource.
INFO 08/14 06:34:55 PM Analyzing Hokkaido_Television_Broadcasting
INFO 08/14 06:34:55 PM Analyzing resource: Hokkaido_Television_Broadcasting
INFO 08/14 06:34:55 PM No Tables found for this resource.
INFO 08/14 06:34:55 PM Analyzing ITV_Cable_16
INFO 08/14 06:34:55 PM Analyzing resource: ITV_Cable_16
INFO 08/14 06:34:55 PM No Tables found for this resource.
INFO 08/14 06:34:55 PM Analyzing KARO
INFO 08/14 06:34:56 PM Analyzing resource: KARO
INFO 08/14 06:34:56 PM No Tables found for this resource.
INFO 08/14 06:34:56 PM Analyzing KARP-FM
INFO 08/14 06:34:56 PM Analyzing resource: KARP-FM
INFO 08/14 06:34:56 PM No Tables found for this resource.
INFO 08/14 06:34:56 PM Analyzing KASA_(AM)
INFO 08/14 06:34:57 PM Analyzing resource: KASA_(AM)
INFO 08/14 06:34:57 PM No Tables found for this resource.
INFO 08/14 06:34:57 PM Analyzing KAYE-FM
INFO 08/14 06:34:57 PM Analyzing resource: KAYE-FM
INFO 08/14 06:34:57 PM No Tables found for this resource.
INFO 08/14 06:34:57 PM Analyzing KAZE
INFO 08/14 06:34:57 PM Analyzing resource: KAZE
INFO 08/14 06:34:57 PM No Tables found for this resource.
INFO 08/14 06:34:57 PM Analyzing KBFX_(FM)
INFO 08/14 06:34:58 PM Analyzing resource: KBFX_(FM)
INFO 08/14 06:34:58 PM No Tables found for this resource.
INFO 08/14 06:34:58 PM Analyzing KBMC_(FM)
INFO 08/14 06:34:58 PM Analyzing resource: KBMC_(FM)
INFO 08/14 06:34:58 PM No Tables found for this resource.
INFO 08/14 06:34:58 PM Analyzing KBTF-CD
INFO 08/14 06:34:59 PM Analyzing resource: KBTF-CD
INFO 08/14 06:34:59 PM Table under section: Digital channels
INFO 08/14 06:34:59 PM Headers Found
INFO 08/14 06:34:59 PM Data refined
INFO 08/14 06:34:59 PM Rows extracted: 3
INFO 08/14 06:34:59 PM Data extracted for this table: 14
INFO 08/14 06:34:59 PM Header: Digital channels mapped with: digitalChannel
INFO 08/14 06:34:59 PM Header: PSIP Short Name mapped with: psip
INFO 08/14 06:34:59 PM Header: Programming mapped with: programming
INFO 08/14 06:34:59 PM Header: Video mapped with: resolution
INFO 08/14 06:34:59 PM Header: Aspect mapped with: aspect
INFO 08/14 06:34:59 PM Header: Channel mapped with: channel
INFO 08/14 06:35:00 PM Analyzing KDLO-FM
INFO 08/14 06:35:00 PM Analyzing resource: KDLO-FM
INFO 08/14 06:35:00 PM No Tables found for this resource.
INFO 08/14 06:35:00 PM Analyzing KFLL-LD
INFO 08/14 06:35:01 PM Analyzing resource: KFLL-LD
INFO 08/14 06:35:01 PM No Tables found for this resource.
INFO 08/14 06:35:01 PM Analyzing KIMM_(AM)
INFO 08/14 06:35:01 PM Analyzing resource: KIMM_(AM)
INFO 08/14 06:35:01 PM No Tables found for this resource.
INFO 08/14 06:35:01 PM Analyzing KIRK_(FM)
INFO 08/14 06:35:02 PM Analyzing resource: KIRK_(FM)
INFO 08/14 06:35:02 PM No Tables found for this resource.
INFO 08/14 06:35:02 PM Analyzing KLGU-LP
INFO 08/14 06:35:02 PM Analyzing resource: KLGU-LP
INFO 08/14 06:35:02 PM No Tables found for this resource.
INFO 08/14 06:35:02 PM Analyzing KLSE_(FM)
INFO 08/14 06:35:02 PM Analyzing resource: KLSE_(FM)
INFO 08/14 06:35:02 PM Table under section: Translators
INFO 08/14 06:35:02 PM Headers Found
INFO 08/14 06:35:02 PM Data refined
INFO 08/14 06:35:02 PM Rows extracted: 2
INFO 08/14 06:35:02 PM Data extracted for this table: 10
INFO 08/14 06:35:02 PM Header: Translators mapped with: translator
INFO 08/14 06:35:02 PM Header: Call sign mapped with: callSign
INFO 08/14 06:35:02 PM Header: FCC info mapped with: fccInfo
INFO 08/14 06:35:03 PM Header: Frequency (MHz) mapped with: frequency
INFO 08/14 06:35:03 PM Header: City of license mapped with: licenseCity
INFO 08/14 06:35:03 PM Header: ERP W mapped with: erp
INFO 08/14 06:35:04 PM Analyzing KLSE_(TV)
INFO 08/14 06:35:04 PM Analyzing resource: KLSE_(TV)
INFO 08/14 06:35:04 PM No Tables found for this resource.
INFO 08/14 06:35:04 PM Analyzing KOGD-LP
INFO 08/14 06:35:04 PM Analyzing resource: KOGD-LP
INFO 08/14 06:35:04 PM No Tables found for this resource.
INFO 08/14 06:35:04 PM Analyzing KOHO-FM
INFO 08/14 06:35:05 PM Analyzing resource: KOHO-FM
INFO 08/14 06:35:05 PM No Tables found for this resource.
INFO 08/14 06:35:05 PM Analyzing KORA-FM
INFO 08/14 06:35:05 PM Analyzing resource: KORA-FM
INFO 08/14 06:35:05 PM No Tables found for this resource.
INFO 08/14 06:35:05 PM Analyzing KORS-CD
INFO 08/14 06:35:06 PM Analyzing resource: KORS-CD
INFO 08/14 06:35:06 PM Table under section: KORSCD
INFO 08/14 06:35:06 PM Headers Found
INFO 08/14 06:35:06 PM Data refined
INFO 08/14 06:35:06 PM Rows extracted: 2
INFO 08/14 06:35:06 PM Data extracted for this table: 4
INFO 08/14 06:35:06 PM Header: KORSCD mapped with: digitalChannel
INFO 08/14 06:35:06 PM Header: Programming mapped with: programming
INFO 08/14 06:35:06 PM Header: Subchannel mapped with: subchannel
INFO 08/14 06:35:06 PM Analyzing KPSC_(FM)
INFO 08/14 06:35:06 PM Analyzing resource: KPSC_(FM)
INFO 08/14 06:35:06 PM No Tables found for this resource.
INFO 08/14 06:35:06 PM Analyzing KROY_(FM)
INFO 08/14 06:35:07 PM Analyzing resource: KROY_(FM)
INFO 08/14 06:35:07 PM No Tables found for this resource.
INFO 08/14 06:35:07 PM Analyzing KSAS-FM
INFO 08/14 06:35:07 PM Analyzing resource: KSAS-FM
INFO 08/14 06:35:07 PM No Tables found for this resource.
INFO 08/14 06:35:07 PM Analyzing KSNL-LD
INFO 08/14 06:35:08 PM Analyzing resource: KSNL-LD
INFO 08/14 06:35:08 PM Table under section: Digital channel
INFO 08/14 06:35:08 PM Headers Found
INFO 08/14 06:35:08 PM Data refined
INFO 08/14 06:35:08 PM Rows extracted: 1
INFO 08/14 06:35:08 PM Data extracted for this table: 5
INFO 08/14 06:35:08 PM Header: Digital channel mapped with: digitalChannel
INFO 08/14 06:35:08 PM Header: PSIP Short Name mapped with: psip
INFO 08/14 06:35:08 PM Header: Programming mapped with: programming
INFO 08/14 06:35:08 PM Header: Video mapped with: resolution
INFO 08/14 06:35:08 PM Header: Aspect mapped with: aspect
INFO 08/14 06:35:08 PM Header: Channel mapped with: channel
INFO 08/14 06:35:08 PM Analyzing KSSQ-LP
INFO 08/14 06:35:08 PM Analyzing resource: KSSQ-LP
INFO 08/14 06:35:08 PM No Tables found for this resource.
INFO 08/14 06:35:08 PM Analyzing KSSR-FM
INFO 08/14 06:35:09 PM Analyzing resource: KSSR-FM
INFO 08/14 06:35:09 PM No Tables found for this resource.
INFO 08/14 06:35:09 PM Analyzing KUAI
INFO 08/14 06:35:09 PM Analyzing resource: KUAI
INFO 08/14 06:35:09 PM No Tables found for this resource.
INFO 08/14 06:35:09 PM Analyzing KULA-LP
INFO 08/14 06:35:09 PM Analyzing resource: KULA-LP
INFO 08/14 06:35:09 PM Table under section: Translators
INFO 08/14 06:35:09 PM Headers Found
INFO 08/14 06:35:09 PM Data refined
INFO 08/14 06:35:09 PM Rows extracted: 3
INFO 08/14 06:35:09 PM Data extracted for this table: 18
INFO 08/14 06:35:09 PM Header: Translators mapped with: translator
INFO 08/14 06:35:09 PM Header: Frequency (MHz) mapped with: frequency
INFO 08/14 06:35:10 PM Header: ERP W mapped with: erp
INFO 08/14 06:35:10 PM Header: City of license mapped with: licenseCity
INFO 08/14 06:35:10 PM Header: Call sign mapped with: callSign
INFO 08/14 06:35:21 PM Header: FCC info mapped with: fccInfo
INFO 08/14 06:35:21 PM Header: Class mapped with: class
INFO 08/14 06:35:22 PM Analyzing Kanal_1_(Bosnia_and_Herzegovina)
INFO 08/14 06:35:22 PM Analyzing resource: Kanal_1_(Bosnia_and_Herzegovina)
INFO 08/14 06:35:22 PM No Tables found for this resource.
INFO 08/14 06:35:22 PM Analyzing Kawish_Television_Network
INFO 08/14 06:35:23 PM Analyzing resource: Kawish_Television_Network
INFO 08/14 06:35:23 PM No Tables found for this resource.
INFO 08/14 06:35:23 PM Analyzing Kool_FM
INFO 08/14 06:35:23 PM Analyzing resource: Kool_FM
INFO 08/14 06:35:23 PM No Tables found for this resource.
INFO 08/14 06:35:23 PM Analyzing La_Chaîne_parlementaire
INFO 08/14 06:35:24 PM Analyzing resource: La_Chaîne_parlementaire
INFO 08/14 06:35:24 PM No Tables found for this resource.
INFO 08/14 06:35:24 PM Analyzing Life_FM_(Gippsland)
INFO 08/14 06:35:24 PM Analyzing resource: Life_FM_(Gippsland)
INFO 08/14 06:35:24 PM No Tables found for this resource.
INFO 08/14 06:35:24 PM Analyzing Life_FM_(South_Africa)
INFO 08/14 06:35:24 PM Analyzing resource: Life_FM_(South_Africa)
INFO 08/14 06:35:24 PM No Tables found for this resource.
INFO 08/14 06:35:24 PM Analyzing Life_FM_(Wagga_Wagga)
INFO 08/14 06:35:25 PM Analyzing resource: Life_FM_(Wagga_Wagga)
INFO 08/14 06:35:25 PM No Tables found for this resource.
INFO 08/14 06:35:25 PM Analyzing MinX
INFO 08/14 06:35:25 PM Analyzing resource: MinX
INFO 08/14 06:35:25 PM No Tables found for this resource.
INFO 08/14 06:35:25 PM Analyzing Nova_Geração_de_Televisão
INFO 08/14 06:35:25 PM Analyzing resource: Nova_Geração_de_Televisão
INFO 08/14 06:35:25 PM No Tables found for this resource.
INFO 08/14 06:35:25 PM Analyzing OWL_TV_(Florida_Atlantic_University)
INFO 08/14 06:35:26 PM Analyzing resource: OWL_TV_(Florida_Atlantic_University)
INFO 08/14 06:35:26 PM No Tables found for this resource.
INFO 08/14 06:35:26 PM Analyzing Octane_(Sirius_XM)
INFO 08/14 06:35:26 PM Analyzing resource: Octane_(Sirius_XM)
INFO 08/14 06:35:26 PM Table under section: Weekday OnAir Schedule
INFO 08/14 06:35:26 PM Headers Found
INFO 08/14 06:35:26 PM Data refined
INFO 08/14 06:35:26 PM Rows extracted: 3
INFO 08/14 06:35:26 PM Data extracted for this table: 6
INFO 08/14 06:35:26 PM Header: Weekday OnAir Schedule mapped with: schedule
INFO 08/14 06:35:26 PM Header: DJ mapped with: dj
INFO 08/14 06:35:27 PM Header: Time mapped with: time
INFO 08/14 06:35:27 PM Table under section: Saturday
INFO 08/14 06:35:27 PM Headers Found
INFO 08/14 06:35:27 PM Data refined
INFO 08/14 06:35:27 PM Rows extracted: 5
INFO 08/14 06:35:27 PM Data extracted for this table: 10
INFO 08/14 06:35:27 PM Header: Saturday mapped with: saturdayProgramming
INFO 08/14 06:35:27 PM Header: DJ mapped with: dj
INFO 08/14 06:35:27 PM Header: Time mapped with: time
INFO 08/14 06:35:28 PM Table under section: Sunday
INFO 08/14 06:35:28 PM Headers Found
INFO 08/14 06:35:28 PM Data refined
INFO 08/14 06:35:28 PM Rows extracted: 6
INFO 08/14 06:35:28 PM Data extracted for this table: 12
INFO 08/14 06:35:28 PM Header: Sunday mapped with: sundayProgramming
INFO 08/14 06:35:28 PM Header: DJ mapped with: dj
INFO 08/14 06:35:28 PM Header: Time mapped with: time
INFO 08/14 06:35:29 PM Analyzing Physique_TV
INFO 08/14 06:35:29 PM Analyzing resource: Physique_TV
INFO 08/14 06:35:29 PM No Tables found for this resource.
INFO 08/14 06:35:29 PM Analyzing Premier_Sports
INFO 08/14 06:35:30 PM Analyzing resource: Premier_Sports
INFO 08/14 06:35:30 PM No Tables found for this resource.
INFO 08/14 06:35:30 PM Analyzing Q101_Chicago
INFO 08/14 06:35:30 PM Analyzing resource: Q101_Chicago
INFO 08/14 06:35:30 PM No Tables found for this resource.
INFO 08/14 06:35:30 PM Analyzing Radio_Newyork_International
INFO 08/14 06:35:30 PM Analyzing resource: Radio_Newyork_International
INFO 08/14 06:35:30 PM No Tables found for this resource.
INFO 08/14 06:35:30 PM There are 1 sections and sections without mapping rules
INFO 08/14 06:35:30 PM There are 7 headers and sections without mapping rules
INFO 08/14 06:35:30 PM End Of File reached, now you can serialize the graph
INFO 08/14 06:35:31 PM Triples in the graph: 1381
INFO 08/14 06:35:31 PM Graph serialized, filename: C:\Users\Luca_\PycharmProjects\table-extractor\table_extractor\../Extractions/2017_08_14-18_35_T_Ext_en_Broadcaster.ttl
INFO 08/14 06:35:31 PM REPORT:
INFO 08/14 06:35:31 PM +           Total # resources analyzed: 100
INFO 08/14 06:35:31 PM +           Total # tables found : 21
INFO 08/14 06:35:31 PM +           Total # tables analyzed : 21
INFO 08/14 06:35:31 PM +           Total # of rows extracted: 248
INFO 08/14 06:35:31 PM +           Total # of data cells extracted : 1188
INFO 08/14 06:35:31 PM +           Total # of exceptions extracting data : 0
INFO 08/14 06:35:31 PM +           Total # of 'header not resolved' errors : 0
INFO 08/14 06:35:31 PM +           Total # of 'no headers' errors : 0
INFO 08/14 06:35:31 PM +           Total # of 'no mapping rule' errors for section : 1
INFO 08/14 06:35:31 PM +           Total # of 'no mapping rule' errors for headers : 7
INFO 08/14 06:35:31 PM +           Total # of table's rows triples serialized : 239
INFO 08/14 06:35:31 PM +           Total # of table's cells triples serialized : 1142
INFO 08/14 06:35:31 PM +           Total # of triples serialized : 1381
INFO 08/14 06:35:31 PM +           Percentage of mapping effectiveness  : 0.961
