INFO 08/14 06:27:13 PM You're analyzing wiki tables, wiki chapter: en, topic: Broadcaster
INFO 08/14 06:27:18 PM The file which contains the list of resources is: C:\Users\Luca_\PycharmProjects\table-extractor\table_extractor\../Resource_lists/2017_08_14_Broadcaster_en.txt
INFO 08/14 06:27:18 PM Resources found and serialized:  100
INFO 08/14 06:27:19 PM Analyzing resource: BBC_World_News
INFO 08/14 06:27:19 PM No Tables found for this resource.
INFO 08/14 06:27:20 PM Analyzing resource: BBC_World_Service
INFO 08/14 06:27:20 PM Table under section: Previous
INFO 08/14 06:27:20 PM Headers Found
INFO 08/14 06:27:20 PM Data refined
INFO 08/14 06:27:20 PM Rows extracted: 74
INFO 08/14 06:27:20 PM Data extracted for this table: 240
INFO 08/14 06:27:20 PM New header found: Language
INFO 08/14 06:27:20 PM New header found: Start Date
INFO 08/14 06:27:20 PM New header found: Close Date
INFO 08/14 06:27:20 PM New header found: Website
INFO 08/14 06:27:21 PM Analyzing resource: CBS
INFO 08/14 06:27:21 PM Table under section: Presidents of CBS Entertainment
INFO 08/14 06:27:21 PM Headers Found
INFO 08/14 06:27:21 PM Data refined
INFO 08/14 06:27:21 PM Rows extracted: 16
INFO 08/14 06:27:21 PM Data extracted for this table: 42
INFO 08/14 06:27:21 PM New header found: Executive
INFO 08/14 06:27:21 PM New header found: Term
INFO 08/14 06:27:21 PM New header found: Position
INFO 08/14 06:27:22 PM Analyzing resource: Fox_Broadcasting_Company
INFO 08/14 06:27:22 PM No Tables found for this resource.
INFO 08/14 06:27:22 PM Analyzing resource: ITV_(TV_network)
INFO 08/14 06:27:22 PM Table under section: Current licensees
INFO 08/14 06:27:22 PM Headers Found
INFO 08/14 06:27:22 PM Data refined
INFO 08/14 06:27:22 PM Rows extracted: 15
INFO 08/14 06:27:22 PM Data extracted for this table: 90
INFO 08/14 06:27:22 PM Table under section: Current licensees
INFO 08/14 06:27:22 PM Headers Found
INFO 08/14 06:27:22 PM Data refined
INFO 08/14 06:27:22 PM Rows extracted: 1
INFO 08/14 06:27:22 PM Data extracted for this table: 6
INFO 08/14 06:27:22 PM Table under section: Awards and nominations
INFO 08/14 06:27:22 PM Headers Found
INFO 08/14 06:27:22 PM Data refined
INFO 08/14 06:27:22 PM Rows extracted: 1
INFO 08/14 06:27:22 PM Data extracted for this table: 5
INFO 08/14 06:27:22 PM New header found: Regional Channel 3 Licences - Licence Service Area
INFO 08/14 06:27:22 PM New header found: Regional Channel 3 Licences - Licence Holder
INFO 08/14 06:27:22 PM New header found: Regional Channel 3 Licences - Licence held since
INFO 08/14 06:27:22 PM New header found: Regional Channel 3 Licences - Parent Company
INFO 08/14 06:27:22 PM New header found: Regional Channel 3 Licences - Service Name
INFO 08/14 06:27:22 PM New header found: Regional Channel 3 Licences - On Air Name
INFO 08/14 06:27:22 PM New header found: National Channel 3 Licences - Licence Service Area
INFO 08/14 06:27:22 PM New header found: National Channel 3 Licences - Licence Holder
INFO 08/14 06:27:22 PM New header found: National Channel 3 Licences - Licence held since
INFO 08/14 06:27:22 PM New header found: National Channel 3 Licences - Parent Company
INFO 08/14 06:27:22 PM New header found: National Channel 3 Licences - Service Name
INFO 08/14 06:27:22 PM New header found: National Channel 3 Licences - On Air Name
INFO 08/14 06:27:22 PM New header found: Year
INFO 08/14 06:27:22 PM New header found: Association
INFO 08/14 06:27:22 PM New header found: Category
INFO 08/14 06:27:22 PM New header found: Nominee(s)
INFO 08/14 06:27:22 PM New header found: Result
INFO 08/14 06:27:23 PM Analyzing resource: Triple_J
INFO 08/14 06:27:23 PM Table under section: Programming history
INFO 08/14 06:27:23 PM Headers Found
INFO 08/14 06:27:23 PM Data refined
INFO 08/14 06:27:23 PM Rows extracted: 43
INFO 08/14 06:27:23 PM Data extracted for this table: 198
INFO 08/14 06:27:23 PM Table under section: Programming history
INFO 08/14 06:27:23 PM Headers Found
INFO 08/14 06:27:23 PM Data refined
INFO 08/14 06:27:23 PM Rows extracted: 23
INFO 08/14 06:27:23 PM Data extracted for this table: 155
INFO 08/14 06:27:23 PM New header found: Breakfast: 6:00 - 9:00
INFO 08/14 06:27:23 PM New header found: Mornings: 9:00 - 12:00
INFO 08/14 06:27:23 PM New header found: Lunch: 12:00 - 15:00
INFO 08/14 06:27:23 PM New header found: Drive: 15:00 - 18:00
INFO 08/14 06:27:23 PM New header found: Late Afternoon: 17:30 - 18:00
INFO 08/14 06:27:23 PM New header found: Evenings: 18:00 - 21:00
INFO 08/14 06:27:23 PM New header found: Late Evenings: 21:00 - 22:00
INFO 08/14 06:27:23 PM New header found: Late Night 22:00 - 1:00!
INFO 08/14 06:27:23 PM New header found: Breakfast 6:00 - 10:00
INFO 08/14 06:27:23 PM New header found: Lunch 10:00 - 14:00
INFO 08/14 06:27:23 PM New header found: Afternoon 14:00 - 17:00 (sat/sun)
INFO 08/14 06:27:23 PM New header found: Late Afternoon 17:00 - 18:00 (sat/sun)
INFO 08/14 06:27:23 PM New header found: Evening 18:00 - 21:00 (sat/sun)
INFO 08/14 06:27:23 PM New header found: Night 21:00 - 01:00 (sat/sun)
INFO 08/14 06:27:23 PM New header found: Overnight: 1:00 - 6:00!
INFO 08/14 06:27:24 PM Analyzing resource: UPN
INFO 08/14 06:27:24 PM No Tables found for this resource.
INFO 08/14 06:27:24 PM Analyzing resource: 1+1_(TV_channel)
INFO 08/14 06:27:24 PM No Tables found for this resource.
INFO 08/14 06:27:25 PM Analyzing resource: Barry_(radio)
INFO 08/14 06:27:25 PM No Tables found for this resource.
INFO 08/14 06:27:25 PM Analyzing resource: Financial_News_Network
INFO 08/14 06:27:25 PM No Tables found for this resource.
INFO 08/14 06:27:25 PM Analyzing resource: KABI_(AM)
INFO 08/14 06:27:25 PM No Tables found for this resource.
INFO 08/14 06:27:26 PM Analyzing resource: KABQ-FM
INFO 08/14 06:27:26 PM No Tables found for this resource.
INFO 08/14 06:27:26 PM Analyzing resource: KABQ_(AM)
INFO 08/14 06:27:26 PM No Tables found for this resource.
INFO 08/14 06:27:27 PM Analyzing resource: KAHL-FM
INFO 08/14 06:27:27 PM No Tables found for this resource.
INFO 08/14 06:27:27 PM Analyzing resource: KAHL_(AM)
INFO 08/14 06:27:27 PM No Tables found for this resource.
INFO 08/14 06:27:28 PM Analyzing resource: KSEA_(FM)
INFO 08/14 06:27:28 PM No Tables found for this resource.
INFO 08/14 06:27:28 PM Analyzing resource: KYKM_(FM)
INFO 08/14 06:27:28 PM No Tables found for this resource.
INFO 08/14 06:27:28 PM Analyzing resource: Lush_99.5FM
INFO 08/14 06:27:28 PM No Tables found for this resource.
INFO 08/14 06:27:29 PM Analyzing resource: Melody_105.4_FM
INFO 08/14 06:27:29 PM No Tables found for this resource.
INFO 08/14 06:27:29 PM Analyzing resource: Melody_Radio_(Bulgaria)
INFO 08/14 06:27:29 PM No Tables found for this resource.
INFO 08/14 06:27:30 PM Analyzing resource: Mix_FM_(Malaysia)
INFO 08/14 06:27:30 PM Table under section: Schedule
INFO 08/14 06:27:30 PM Headers Found
INFO 08/14 06:27:30 PM Data refined
INFO 08/14 06:27:30 PM Rows extracted: 9
INFO 08/14 06:27:30 PM Data extracted for this table: 44
INFO 08/14 06:27:30 PM New header found: Program
INFO 08/14 06:27:30 PM New header found: Day
INFO 08/14 06:27:30 PM New header found: Time
INFO 08/14 06:27:30 PM New header found: Announcer
INFO 08/14 06:27:30 PM New header found: Description
INFO 08/14 06:27:30 PM Analyzing resource: Mix_FM_(Ottawa)
INFO 08/14 06:27:30 PM No Tables found for this resource.
INFO 08/14 06:27:30 PM Analyzing resource: Mix_FM_(Stepanakert)
INFO 08/14 06:27:30 PM No Tables found for this resource.
INFO 08/14 06:27:31 PM Analyzing resource: Mix_FM_Lebanon
INFO 08/14 06:27:31 PM No Tables found for this resource.
INFO 08/14 06:27:31 PM Analyzing resource: News_12_Networks
INFO 08/14 06:27:31 PM No Tables found for this resource.
INFO 08/14 06:27:32 PM Analyzing resource: Performance_Channel
INFO 08/14 06:27:32 PM No Tables found for this resource.
INFO 08/14 06:27:32 PM Analyzing resource: Satellite_News_Channel
INFO 08/14 06:27:32 PM No Tables found for this resource.
INFO 08/14 06:27:32 PM Analyzing resource: 24_(Turkey)
INFO 08/14 06:27:32 PM No Tables found for this resource.
INFO 08/14 06:27:33 PM Analyzing resource: 2GLF
INFO 08/14 06:27:33 PM No Tables found for this resource.
INFO 08/14 06:27:33 PM Analyzing resource: 666_ABC_Canberra
INFO 08/14 06:27:33 PM No Tables found for this resource.
INFO 08/14 06:27:34 PM Analyzing resource: ABC_Kids_(Australia)
INFO 08/14 06:27:34 PM No Tables found for this resource.
INFO 08/14 06:27:34 PM Analyzing resource: ABN_(TV_station)
INFO 08/14 06:27:34 PM Table under section: Digital multiplex
INFO 08/14 06:27:34 PM Headers Found
INFO 08/14 06:27:34 PM Data refined
INFO 08/14 06:27:34 PM Rows extracted: 5
INFO 08/14 06:27:34 PM Data extracted for this table: 15
INFO 08/14 06:27:34 PM Table under section: Relay stations
INFO 08/14 06:27:34 PM Headers Found
INFO 08/14 06:27:34 PM Data refined
INFO 08/14 06:27:34 PM Rows extracted: 13
INFO 08/14 06:27:34 PM Data extracted for this table: 126
INFO 08/14 06:27:34 PM New header found: LCN
INFO 08/14 06:27:34 PM New header found: Service
INFO 08/14 06:27:34 PM New header found: SD/HD
INFO 08/14 06:27:34 PM New header found: Call
INFO 08/14 06:27:34 PM New header found: Region served
INFO 08/14 06:27:34 PM New header found: City
INFO 08/14 06:27:34 PM New header found: Channels (Analog/ digital)
INFO 08/14 06:27:34 PM New header found: First air date
INFO 08/14 06:27:34 PM New header found: 3rd letter.s meaning
INFO 08/14 06:27:34 PM New header found: ERP (Analog/ digital)
INFO 08/14 06:27:34 PM New header found: HAAT (Analog/ digital)1
INFO 08/14 06:27:34 PM New header found: Transmitter coordinates
INFO 08/14 06:27:34 PM New header found: Transmitter location
INFO 08/14 06:27:35 PM Analyzing resource: ABN_Andhra_Jyothi
INFO 08/14 06:27:35 PM No Tables found for this resource.
INFO 08/14 06:27:35 PM Analyzing resource: ABT_(TV_station)
INFO 08/14 06:27:35 PM Table under section: Relay stations
INFO 08/14 06:27:35 PM Headers Found
INFO 08/14 06:27:35 PM Data refined
INFO 08/14 06:27:35 PM Rows extracted: 2
INFO 08/14 06:27:35 PM Data extracted for this table: 20
INFO 08/14 06:27:36 PM Analyzing resource: AOV_Adult_Movie_Channel
INFO 08/14 06:27:36 PM No Tables found for this resource.
INFO 08/14 06:27:36 PM Analyzing resource: AZN_Television
INFO 08/14 06:27:36 PM No Tables found for this resource.
INFO 08/14 06:27:37 PM Analyzing resource: Al-Aqsa_TV
INFO 08/14 06:27:37 PM No Tables found for this resource.
INFO 08/14 06:27:37 PM Analyzing resource: Asia_Business_News
INFO 08/14 06:27:37 PM No Tables found for this resource.
INFO 08/14 06:27:37 PM Analyzing resource: Astro_Box_Office
INFO 08/14 06:27:37 PM No Tables found for this resource.
INFO 08/14 06:27:38 PM Analyzing resource: Astro_Ceria
INFO 08/14 06:27:38 PM No Tables found for this resource.
INFO 08/14 06:27:38 PM Analyzing resource: Big_Game_TV
INFO 08/14 06:27:38 PM No Tables found for this resource.
INFO 08/14 06:27:39 PM Analyzing resource: Broadcasting_Corporation_of_Newfoundland
INFO 08/14 06:27:39 PM No Tables found for this resource.
INFO 08/14 06:27:39 PM Analyzing resource: CHIC-FM
INFO 08/14 06:27:39 PM No Tables found for this resource.
INFO 08/14 06:27:39 PM Analyzing resource: Challenge_(TV_channel)
INFO 08/14 06:27:39 PM No Tables found for this resource.
INFO 08/14 06:27:40 PM Analyzing resource: CoolTV
INFO 08/14 06:27:40 PM No Tables found for this resource.
INFO 08/14 06:27:40 PM Analyzing resource: Cool_TV
INFO 08/14 06:27:40 PM No Tables found for this resource.
INFO 08/14 06:27:41 PM Analyzing resource: Delta_FM
INFO 08/14 06:27:41 PM No Tables found for this resource.
INFO 08/14 06:27:41 PM Analyzing resource: Deluxe_Music
INFO 08/14 06:27:41 PM Table under section: Germany
INFO 08/14 06:27:41 PM Headers Found
INFO 08/14 06:27:41 PM Data refined
INFO 08/14 06:27:41 PM Rows extracted: 12
INFO 08/14 06:27:41 PM Data extracted for this table: 122
INFO 08/14 06:27:41 PM New header found: January
INFO 08/14 06:27:42 PM Analyzing resource: Downtown_Radio
INFO 08/14 06:27:42 PM No Tables found for this resource.
INFO 08/14 06:27:42 PM Analyzing resource: Drama_(TV_channel)
INFO 08/14 06:27:42 PM No Tables found for this resource.
INFO 08/14 06:27:43 PM Analyzing resource: Ehime_Asahi_Television
INFO 08/14 06:27:43 PM Table under section: External links
INFO 08/14 06:27:43 PM Headers Found
INFO 08/14 06:27:43 PM Data refined
INFO 08/14 06:27:43 PM Rows extracted: 9
INFO 08/14 06:27:43 PM Data extracted for this table: 46
INFO 08/14 06:27:48 PM New header found: Prefectures
INFO 08/14 06:27:48 PM New header found: Tottori
INFO 08/14 06:27:49 PM New header found: Shimane
INFO 08/14 06:27:49 PM New header found: Hiroshima
INFO 08/14 06:27:49 PM New header found: Yamaguchi
INFO 08/14 06:27:50 PM New header found: Okayama
INFO 08/14 06:27:50 PM New header found: Kagawa
INFO 08/14 06:27:50 PM New header found: Tokushima
INFO 08/14 06:27:50 PM New header found: Ehime
INFO 08/14 06:27:50 PM New header found: K.chi
INFO 08/14 06:27:51 PM Analyzing resource: Fantastic_(TV_channel)
INFO 08/14 06:27:51 PM No Tables found for this resource.
INFO 08/14 06:27:51 PM Analyzing resource: Florida_Knowledge_Network
INFO 08/14 06:27:51 PM No Tables found for this resource.
INFO 08/14 06:27:51 PM Analyzing resource: Follow_Me_TV
INFO 08/14 06:27:51 PM No Tables found for this resource.
INFO 08/14 06:27:52 PM Analyzing resource: French_Radio_London
INFO 08/14 06:27:52 PM No Tables found for this resource.
INFO 08/14 06:27:52 PM Analyzing resource: Ftn_(TV_channel)
INFO 08/14 06:27:52 PM No Tables found for this resource.
INFO 08/14 06:27:53 PM Analyzing resource: Hokkaido_Television_Broadcasting
INFO 08/14 06:27:53 PM No Tables found for this resource.
INFO 08/14 06:27:53 PM Analyzing resource: ITV_Cable_16
INFO 08/14 06:27:53 PM No Tables found for this resource.
INFO 08/14 06:27:53 PM Analyzing resource: KARO
INFO 08/14 06:27:53 PM No Tables found for this resource.
INFO 08/14 06:27:54 PM Analyzing resource: KARP-FM
INFO 08/14 06:27:54 PM No Tables found for this resource.
INFO 08/14 06:27:54 PM Analyzing resource: KASA_(AM)
INFO 08/14 06:27:54 PM No Tables found for this resource.
INFO 08/14 06:27:55 PM Analyzing resource: KAYE-FM
INFO 08/14 06:27:55 PM No Tables found for this resource.
INFO 08/14 06:27:55 PM Analyzing resource: KAZE
INFO 08/14 06:27:55 PM No Tables found for this resource.
INFO 08/14 06:27:56 PM Analyzing resource: KBFX_(FM)
INFO 08/14 06:27:56 PM No Tables found for this resource.
INFO 08/14 06:27:56 PM Analyzing resource: KBMC_(FM)
INFO 08/14 06:27:56 PM No Tables found for this resource.
INFO 08/14 06:27:57 PM Analyzing resource: KBTF-CD
INFO 08/14 06:27:57 PM Table under section: Digital channels
INFO 08/14 06:27:57 PM Headers Found
INFO 08/14 06:27:57 PM Data refined
INFO 08/14 06:27:57 PM Rows extracted: 3
INFO 08/14 06:27:57 PM Data extracted for this table: 14
INFO 08/14 06:27:57 PM New header found: Channel
INFO 08/14 06:27:57 PM New header found: Video
INFO 08/14 06:27:57 PM New header found: Aspect
INFO 08/14 06:27:57 PM New header found: PSIP Short Name
INFO 08/14 06:27:57 PM New header found: Programming
INFO 08/14 06:27:57 PM Analyzing resource: KDLO-FM
INFO 08/14 06:27:57 PM No Tables found for this resource.
INFO 08/14 06:27:57 PM Analyzing resource: KFLL-LD
INFO 08/14 06:27:57 PM No Tables found for this resource.
INFO 08/14 06:27:58 PM Analyzing resource: KIMM_(AM)
INFO 08/14 06:27:58 PM No Tables found for this resource.
INFO 08/14 06:27:58 PM Analyzing resource: KIRK_(FM)
INFO 08/14 06:27:58 PM No Tables found for this resource.
INFO 08/14 06:27:59 PM Analyzing resource: KLGU-LP
INFO 08/14 06:27:59 PM No Tables found for this resource.
INFO 08/14 06:27:59 PM Analyzing resource: KLSE_(FM)
INFO 08/14 06:27:59 PM Table under section: Translators
INFO 08/14 06:27:59 PM Headers Found
INFO 08/14 06:27:59 PM Data refined
INFO 08/14 06:27:59 PM Rows extracted: 2
INFO 08/14 06:27:59 PM Data extracted for this table: 10
INFO 08/14 06:27:59 PM New header found: Call sign
INFO 08/14 06:27:59 PM New header found: Frequency (MHz)
INFO 08/14 06:27:59 PM New header found: City of license
INFO 08/14 06:27:59 PM New header found: ERP W
INFO 08/14 06:27:59 PM New header found: FCC info
INFO 08/14 06:27:59 PM Analyzing resource: KLSE_(TV)
INFO 08/14 06:27:59 PM No Tables found for this resource.
INFO 08/14 06:28:00 PM Analyzing resource: KOGD-LP
INFO 08/14 06:28:00 PM No Tables found for this resource.
INFO 08/14 06:28:00 PM Analyzing resource: KOHO-FM
INFO 08/14 06:28:00 PM No Tables found for this resource.
INFO 08/14 06:28:01 PM Analyzing resource: KORA-FM
INFO 08/14 06:28:01 PM No Tables found for this resource.
INFO 08/14 06:28:01 PM Analyzing resource: KORS-CD
INFO 08/14 06:28:01 PM Table under section: KORSCD
INFO 08/14 06:28:01 PM Headers Found
INFO 08/14 06:28:01 PM Data refined
INFO 08/14 06:28:01 PM Rows extracted: 2
INFO 08/14 06:28:01 PM Data extracted for this table: 4
INFO 08/14 06:28:01 PM New header found: Subchannel
INFO 08/14 06:28:02 PM Analyzing resource: KPSC_(FM)
INFO 08/14 06:28:02 PM No Tables found for this resource.
INFO 08/14 06:28:02 PM Analyzing resource: KROY_(FM)
INFO 08/14 06:28:02 PM No Tables found for this resource.
INFO 08/14 06:28:03 PM Analyzing resource: KSAS-FM
INFO 08/14 06:28:03 PM No Tables found for this resource.
INFO 08/14 06:28:03 PM Analyzing resource: KSNL-LD
INFO 08/14 06:28:03 PM Table under section: Digital channel
INFO 08/14 06:28:03 PM Headers Found
INFO 08/14 06:28:03 PM Data refined
INFO 08/14 06:28:03 PM Rows extracted: 1
INFO 08/14 06:28:03 PM Data extracted for this table: 5
INFO 08/14 06:28:04 PM Analyzing resource: KSSQ-LP
INFO 08/14 06:28:04 PM No Tables found for this resource.
INFO 08/14 06:28:04 PM Analyzing resource: KSSR-FM
INFO 08/14 06:28:04 PM No Tables found for this resource.
INFO 08/14 06:28:04 PM Analyzing resource: KUAI
INFO 08/14 06:28:04 PM No Tables found for this resource.
INFO 08/14 06:28:05 PM Analyzing resource: KULA-LP
INFO 08/14 06:28:05 PM Table under section: Translators
INFO 08/14 06:28:05 PM Headers Found
INFO 08/14 06:28:05 PM Data refined
INFO 08/14 06:28:05 PM Rows extracted: 3
INFO 08/14 06:28:05 PM Data extracted for this table: 18
INFO 08/14 06:28:05 PM New header found: Class
INFO 08/14 06:28:05 PM Analyzing resource: Kanal_1_(Bosnia_and_Herzegovina)
INFO 08/14 06:28:05 PM No Tables found for this resource.
INFO 08/14 06:28:06 PM Analyzing resource: Kawish_Television_Network
INFO 08/14 06:28:06 PM No Tables found for this resource.
INFO 08/14 06:28:06 PM Analyzing resource: Kool_FM
INFO 08/14 06:28:06 PM No Tables found for this resource.
INFO 08/14 06:28:06 PM Analyzing resource: La_Chaîne_parlementaire
INFO 08/14 06:28:06 PM No Tables found for this resource.
INFO 08/14 06:28:07 PM Analyzing resource: Life_FM_(Gippsland)
INFO 08/14 06:28:07 PM No Tables found for this resource.
INFO 08/14 06:28:07 PM Analyzing resource: Life_FM_(South_Africa)
INFO 08/14 06:28:07 PM No Tables found for this resource.
INFO 08/14 06:28:08 PM Analyzing resource: Life_FM_(Wagga_Wagga)
INFO 08/14 06:28:08 PM No Tables found for this resource.
INFO 08/14 06:28:08 PM Analyzing resource: MinX
INFO 08/14 06:28:08 PM No Tables found for this resource.
INFO 08/14 06:28:09 PM Analyzing resource: Nova_Geração_de_Televisão
INFO 08/14 06:28:09 PM No Tables found for this resource.
INFO 08/14 06:28:09 PM Analyzing resource: OWL_TV_(Florida_Atlantic_University)
INFO 08/14 06:28:09 PM No Tables found for this resource.
INFO 08/14 06:28:10 PM Analyzing resource: Octane_(Sirius_XM)
INFO 08/14 06:28:10 PM Table under section: Weekday OnAir Schedule
INFO 08/14 06:28:10 PM Headers Found
INFO 08/14 06:28:10 PM Data refined
INFO 08/14 06:28:10 PM Rows extracted: 3
INFO 08/14 06:28:10 PM Data extracted for this table: 6
INFO 08/14 06:28:10 PM Table under section: Saturday
INFO 08/14 06:28:10 PM Headers Found
INFO 08/14 06:28:10 PM Data refined
INFO 08/14 06:28:10 PM Rows extracted: 5
INFO 08/14 06:28:10 PM Data extracted for this table: 10
INFO 08/14 06:28:10 PM Table under section: Sunday
INFO 08/14 06:28:10 PM Headers Found
INFO 08/14 06:28:10 PM Data refined
INFO 08/14 06:28:10 PM Rows extracted: 6
INFO 08/14 06:28:10 PM Data extracted for this table: 12
INFO 08/14 06:28:10 PM New header found: DJ
INFO 08/14 06:28:10 PM Analyzing resource: Physique_TV
INFO 08/14 06:28:10 PM No Tables found for this resource.
INFO 08/14 06:28:10 PM Analyzing resource: Premier_Sports
INFO 08/14 06:28:10 PM No Tables found for this resource.
INFO 08/14 06:28:11 PM Analyzing resource: Q101_Chicago
INFO 08/14 06:28:11 PM No Tables found for this resource.
INFO 08/14 06:28:11 PM Analyzing resource: Radio_Newyork_International
INFO 08/14 06:28:11 PM No Tables found for this resource.
INFO 08/14 06:28:11 PM REPORT:
INFO 08/14 06:28:11 PM +           # of resources collected for this topic (Broadcaster) : 100
INFO 08/14 06:28:11 PM +           Total # resources analyzed: 100
INFO 08/14 06:28:11 PM +           Total # tables found : 21
INFO 08/14 06:28:11 PM +           Total # tables analyzed : 21
INFO 08/14 06:28:11 PM +           Total # of rows extracted: 248
INFO 08/14 06:28:11 PM +           Total # of data cells extracted : 1188
INFO 08/14 06:28:11 PM +           Total # of exceptions extracting data : 0
INFO 08/14 06:28:11 PM +           Total # of 'header not resolved' errors : 0
INFO 08/14 06:28:11 PM +           Total # of 'no headers' errors : 0
